<html>
<head>
<title>TestNG:  BulkW9PaymentSelectedRecipient</title>
<link href="../testng.css" rel="stylesheet" type="text/css" />
<link href="../my-testng.css" rel="stylesheet" type="text/css" />

<style type="text/css">
.log { display: none;} 
.stack-trace { display: none;} 
</style>
<script type="text/javascript">
<!--
function flip(e) {
  current = e.style.display;
  if (current == 'block') {
    e.style.display = 'none';
    return 0;
  }
  else {
    e.style.display = 'block';
    return 1;
  }
}

function toggleBox(szDivId, elem, msg1, msg2)
{
  var res = -1;  if (document.getElementById) {
    res = flip(document.getElementById(szDivId));
  }
  else if (document.all) {
    // this is the way old msie versions work
    res = flip(document.all[szDivId]);
  }
  if(elem) {
    if(res == 0) elem.innerHTML = msg1; else elem.innerHTML = msg2;
  }

}

function toggleAllBoxes() {
  if (document.getElementsByTagName) {
    d = document.getElementsByTagName('div');
    for (i = 0; i < d.length; i++) {
      if (d[i].className == 'log') {
        flip(d[i]);
      }
    }
  }
}

// -->
</script>

</head>
<body>
<h2 align='center'>BulkW9PaymentSelectedRecipient</h2><table border='1' align="center">
<tr>
<td>Tests passed/Failed/Skipped:</td><td>1/1/0</td>
</tr><tr>
<td>Started on:</td><td>Fri Apr 28 15:35:38 IDT 2023</td>
</tr>
<tr><td>Total time:</td><td>1616 seconds (1616725 ms)</td>
</tr><tr>
<td>Included groups:</td><td></td>
</tr><tr>
<td>Excluded groups:</td><td></td>
</tr>
</table><p/>
<small><i>(Hover the method name to see the test class name)</i></small><p/>
<table width='100%' border='1' class='invocation-failed'>
<tr><td colspan='4' align='center'><b>FAILED CONFIGURATIONS</b></td></tr>
<tr><td><b>Test method</b></td>
<td width="30%"><b>Exception</b></td>
<td width="10%"><b>Time (seconds)</b></td>
<td><b>Instance</b></td>
</tr>
<tr>
<td title='com.zenwork.smoke.ValidateBulkW9PaymentSelectedRecipient.checkAlerts()'><b>checkAlerts</b><br>Test class: com.zenwork.smoke.ValidateBulkW9PaymentSelectedRecipient<br>Parameters: [TestResult name=validateRequestW9SelectedRecpient status=FAILURE method=ValidateBulkW9PaymentSelectedRecipient.validateRequestW9SelectedRecpient()[pri:0, instance:com.zenwork.smoke.ValidateBulkW9PaymentSelectedRecipient@34b9f960] output=Finding element with logic: id:-:txtLoginEmail]<br/>
<a href="#Output-265921911" onClick='toggleBox("Output-265921911", this, "Show output", "Hide output");'>Show output</a>

<a href="#Output-265921911" onClick="toggleAllBoxes();">Show all outputs</a>
<div class='log' id="Output-265921911">
04/28 16:02:34<br/>
Failed fetching URL and screenshot due to error:disconnected: not connected to DevTools
  (failed to check if window was closed: disconnected: not connected to DevTools)
  (Session info: chrome=112.0.5615.138)
Build info: version: '4.5.0', revision: 'fe167b119a'
System info: os.name: 'Windows 11', os.arch: 'amd64', os.version: '10.0', java.version: '17.0.6'
Driver info: org.openqa.selenium.chrome.ChromeDriver
Command: [575b402455f2c6dbec691e2272843c5f, screenshot {}]
Capabilities {acceptInsecureCerts: false, browserName: chrome, browserVersion: 112.0.5615.138, chrome: {chromedriverVersion: 112.0.5615.49 (bd2a7bcb881c..., userDataDir: C:\Users\LNV-131\AppData\Lo...}, goog:chromeOptions: {debuggerAddress: localhost:51601}, networkConnectionEnabled: false, pageLoadStrategy: normal, platformName: WINDOWS, proxy: Proxy(), se:cdp: ws://localhost:51601/devtoo..., se:cdpVersion: 112.0.5615.138, setWindowRect: true, strictFileInteractability: false, timeouts: {implicit: 0, pageLoad: 300000, script: 30000}, unhandledPromptBehavior: dismiss and notify, webauthn:extension:credBlob: true, webauthn:extension:largeBlob: true, webauthn:extension:minPinLength: true, webauthn:extension:prf: true, webauthn:virtualAuthenticators: true}
Session ID: 575b402455f2c6dbec691e2272843c5f<br/>
</div>
</td>
<td><div><pre>org.openqa.selenium.WebDriverException: disconnected: not connected to DevTools
  (failed to check if window was closed: disconnected: not connected to DevTools)
  (Session info: chrome=112.0.5615.138)
Build info: version: &apos;4.5.0&apos;, revision: &apos;fe167b119a&apos;
System info: os.name: &apos;Windows 11&apos;, os.arch: &apos;amd64&apos;, os.version: &apos;10.0&apos;, java.version: &apos;17.0.6&apos;
Driver info: org.openqa.selenium.chrome.ChromeDriver
Command: [575b402455f2c6dbec691e2272843c5f, getAlertText {}]
Capabilities {acceptInsecureCerts: false, browserName: chrome, browserVersion: 112.0.5615.138, chrome: {chromedriverVersion: 112.0.5615.49 (bd2a7bcb881c..., userDataDir: C:\Users\LNV-131\AppData\Lo...}, goog:chromeOptions: {debuggerAddress: localhost:51601}, networkConnectionEnabled: false, pageLoadStrategy: normal, platformName: WINDOWS, proxy: Proxy(), se:cdp: ws://localhost:51601/devtoo..., se:cdpVersion: 112.0.5615.138, setWindowRect: true, strictFileInteractability: false, timeouts: {implicit: 0, pageLoad: 300000, script: 30000}, unhandledPromptBehavior: dismiss and notify, webauthn:extension:credBlob: true, webauthn:extension:largeBlob: true, webauthn:extension:minPinLength: true, webauthn:extension:prf: true, webauthn:virtualAuthenticators: true}
Session ID: 575b402455f2c6dbec691e2272843c5f
	at org.openqa.selenium.remote.codec.w3c.W3CHttpResponseCodec.createException(W3CHttpResponseCodec.java:200)
	at org.openqa.selenium.remote.codec.w3c.W3CHttpResponseCodec.decode(W3CHttpResponseCodec.java:133)
	at org.openqa.selenium.remote.codec.w3c.W3CHttpResponseCodec.decode(W3CHttpResponseCodec.java:53)
	at org.openqa.selenium.remote.HttpCommandExecutor.execute(HttpCommandExecutor.java:184)
	at org.openqa.selenium.remote.service.DriverCommandExecutor.invokeExecute(DriverCommandExecutor.java:167)
	at org.openqa.selenium.remote.service.DriverCommandExecutor.execute(DriverCommandExecutor.java:142)
	at org.openqa.selenium.remote.RemoteWebDriver.execute(RemoteWebDriver.java:547)
	at org.openqa.selenium.remote.RemoteWebDriver.execute(RemoteWebDriver.java:602)
	at org.openqa.selenium.remote.RemoteWebDriver.execute(RemoteWebDriver.java:606)
	at org.openqa.selenium.remote.RemoteWebDriver$RemoteTargetLocator.alert(RemoteWebDriver.java:1084)
	at com.zenwork.library.TestBase.checkAlerts(TestBase.java:125)
	at java.base/java.util.ArrayList.forEach(ArrayList.java:1511)
	at java.base/java.util.concurrent.FutureTask.run(FutureTask.java:264)
	at java.base/java.util.concurrent.ThreadPoolExecutor.runWorker(ThreadPoolExecutor.java:1136)
	at java.base/java.util.concurrent.ThreadPoolExecutor$Worker.run(ThreadPoolExecutor.java:635)
	at java.base/java.lang.Thread.run(Thread.java:833)
... Removed 28 stack frames</pre></div><a href='#' onClick='toggleBox("stack-trace265921911", this, "Click to show all stack frames", "Click to hide stack frames")'>Click to show all stack frames</a>
<div class='stack-trace' id='stack-trace265921911'><pre>org.openqa.selenium.WebDriverException: disconnected: not connected to DevTools
  (failed to check if window was closed: disconnected: not connected to DevTools)
  (Session info: chrome=112.0.5615.138)
Build info: version: &apos;4.5.0&apos;, revision: &apos;fe167b119a&apos;
System info: os.name: &apos;Windows 11&apos;, os.arch: &apos;amd64&apos;, os.version: &apos;10.0&apos;, java.version: &apos;17.0.6&apos;
Driver info: org.openqa.selenium.chrome.ChromeDriver
Command: [575b402455f2c6dbec691e2272843c5f, getAlertText {}]
Capabilities {acceptInsecureCerts: false, browserName: chrome, browserVersion: 112.0.5615.138, chrome: {chromedriverVersion: 112.0.5615.49 (bd2a7bcb881c..., userDataDir: C:\Users\LNV-131\AppData\Lo...}, goog:chromeOptions: {debuggerAddress: localhost:51601}, networkConnectionEnabled: false, pageLoadStrategy: normal, platformName: WINDOWS, proxy: Proxy(), se:cdp: ws://localhost:51601/devtoo..., se:cdpVersion: 112.0.5615.138, setWindowRect: true, strictFileInteractability: false, timeouts: {implicit: 0, pageLoad: 300000, script: 30000}, unhandledPromptBehavior: dismiss and notify, webauthn:extension:credBlob: true, webauthn:extension:largeBlob: true, webauthn:extension:minPinLength: true, webauthn:extension:prf: true, webauthn:virtualAuthenticators: true}
Session ID: 575b402455f2c6dbec691e2272843c5f
	at java.base/jdk.internal.reflect.NativeConstructorAccessorImpl.newInstance0(Native Method)
	at java.base/jdk.internal.reflect.NativeConstructorAccessorImpl.newInstance(NativeConstructorAccessorImpl.java:77)
	at java.base/jdk.internal.reflect.DelegatingConstructorAccessorImpl.newInstance(DelegatingConstructorAccessorImpl.java:45)
	at java.base/java.lang.reflect.Constructor.newInstanceWithCaller(Constructor.java:499)
	at java.base/java.lang.reflect.Constructor.newInstance(Constructor.java:480)
	at org.openqa.selenium.remote.codec.w3c.W3CHttpResponseCodec.createException(W3CHttpResponseCodec.java:200)
	at org.openqa.selenium.remote.codec.w3c.W3CHttpResponseCodec.decode(W3CHttpResponseCodec.java:133)
	at org.openqa.selenium.remote.codec.w3c.W3CHttpResponseCodec.decode(W3CHttpResponseCodec.java:53)
	at org.openqa.selenium.remote.HttpCommandExecutor.execute(HttpCommandExecutor.java:184)
	at org.openqa.selenium.remote.service.DriverCommandExecutor.invokeExecute(DriverCommandExecutor.java:167)
	at org.openqa.selenium.remote.service.DriverCommandExecutor.execute(DriverCommandExecutor.java:142)
	at org.openqa.selenium.remote.RemoteWebDriver.execute(RemoteWebDriver.java:547)
	at org.openqa.selenium.remote.RemoteWebDriver.execute(RemoteWebDriver.java:602)
	at org.openqa.selenium.remote.RemoteWebDriver.execute(RemoteWebDriver.java:606)
	at org.openqa.selenium.remote.RemoteWebDriver$RemoteTargetLocator.alert(RemoteWebDriver.java:1084)
	at com.zenwork.library.TestBase.checkAlerts(TestBase.java:125)
	at java.base/jdk.internal.reflect.NativeMethodAccessorImpl.invoke0(Native Method)
	at java.base/jdk.internal.reflect.NativeMethodAccessorImpl.invoke(NativeMethodAccessorImpl.java:77)
	at java.base/jdk.internal.reflect.DelegatingMethodAccessorImpl.invoke(DelegatingMethodAccessorImpl.java:43)
	at java.base/java.lang.reflect.Method.invoke(Method.java:568)
	at org.testng.internal.MethodInvocationHelper.invokeMethod(MethodInvocationHelper.java:133)
	at org.testng.internal.MethodInvocationHelper.invokeMethodConsideringTimeout(MethodInvocationHelper.java:62)
	at org.testng.internal.ConfigInvoker.invokeConfigurationMethod(ConfigInvoker.java:385)
	at org.testng.internal.ConfigInvoker.invokeConfigurations(ConfigInvoker.java:321)
	at org.testng.internal.TestInvoker.runConfigMethods(TestInvoker.java:700)
	at org.testng.internal.TestInvoker.runAfterGroupsConfigurations(TestInvoker.java:676)
	at org.testng.internal.TestInvoker.invokeMethod(TestInvoker.java:660)
	at org.testng.internal.TestInvoker.invokeTestMethod(TestInvoker.java:173)
	at org.testng.internal.MethodRunner.runInSequence(MethodRunner.java:46)
	at org.testng.internal.TestInvoker$MethodInvocationAgent.invoke(TestInvoker.java:824)
	at org.testng.internal.TestInvoker.invokeTestMethods(TestInvoker.java:146)
	at org.testng.internal.TestMethodWorker.invokeTestMethods(TestMethodWorker.java:146)
	at org.testng.internal.TestMethodWorker.run(TestMethodWorker.java:128)
	at java.base/java.util.ArrayList.forEach(ArrayList.java:1511)
	at org.testng.TestRunner.privateRun(TestRunner.java:794)
	at org.testng.TestRunner.run(TestRunner.java:596)
	at org.testng.SuiteRunner.runTest(SuiteRunner.java:377)
	at org.testng.SuiteRunner.access$000(SuiteRunner.java:28)
	at org.testng.SuiteRunner$SuiteWorker.run(SuiteRunner.java:418)
	at org.testng.internal.thread.ThreadUtil.lambda$execute$0(ThreadUtil.java:64)
	at java.base/java.util.concurrent.FutureTask.run(FutureTask.java:264)
	at java.base/java.util.concurrent.ThreadPoolExecutor.runWorker(ThreadPoolExecutor.java:1136)
	at java.base/java.util.concurrent.ThreadPoolExecutor$Worker.run(ThreadPoolExecutor.java:635)
	at java.base/java.lang.Thread.run(Thread.java:833)
</pre></div></td>
<td>0</td>
<td>com.zenwork.smoke.ValidateBulkW9PaymentSelectedRecipient@34b9f960</td></tr>
</table><p>
<table width='100%' border='1' class='invocation-failed'>
<tr><td colspan='4' align='center'><b>FAILED TESTS</b></td></tr>
<tr><td><b>Test method</b></td>
<td width="30%"><b>Exception</b></td>
<td width="10%"><b>Time (seconds)</b></td>
<td><b>Instance</b></td>
</tr>
<tr>
<td title='com.zenwork.smoke.ValidateBulkW9PaymentSelectedRecipient.validateRequestW9SelectedRecpient()'><b>validateRequestW9SelectedRecpient</b><br>Test class: com.zenwork.smoke.ValidateBulkW9PaymentSelectedRecipient<br/>
<a href="#Output-1795557747" onClick='toggleBox("Output-1795557747", this, "Show output", "Hide output");'>Show output</a>

<a href="#Output-1795557747" onClick="toggleAllBoxes();">Show all outputs</a>
<div class='log' id="Output-1795557747">
Finding element with logic: id:-:txtLoginEmail<br/>
Finding element with logic: id:-:txtLoginPassword<br/>
Finding element with logic: id:-:ui-id-4<br/>
Finding element with logic: xpath:-://p[text()='People']<br/>
Finding element with logic: xpath:-://a[text()='Manage Recipient']<br/>
Finding element with logic: id:-:ddlPayer_chosen<br/>
Finding element with logic: xpath:-://input[@class='chosen-search-input']<br/>
Finding element with logic: xpath:-://li[contains(@class,'active-result')]<br/>
Finding element with logic: xpath:-://input[@type='file' and @id='upload']<br/>
Finding element with logic: xpath:-://input[@type='file' and @id='upload']<br/>
Finding element with logic: id:-:Next<br/>
Finding element with logic: xpath:-://p[contains(text(),'Spread Sheet Uploaded Successfully')]<br/>
Finding element with logic: xpath:-://p[contains(text(),'Spread Sheet Uploaded Successfully')]<br/>
Finding element with logic: xpath:-://p[contains(text(),'Spread Sheet Uploaded Successfully')]<br/>
Finding element with logic: id:-:selectall<br/>
Finding element with logic: id:-:alertify-ok<br/>
Finding element with logic: id:-:alertify-ok<br/>
Finding element with logic: id:-:alertify-ok<br/>
Finding element with logic: id:-:alertify-ok<br/>
Finding element with logic: id:-:alertify-ok<br/>
Finding element with logic: id:-:alertify-ok<br/>
Finding element with logic: id:-:alertify-ok<br/>
Finding element with logic: id:-:alertify-ok<br/>
Finding element with logic: id:-:alertify-ok<br/>
Finding element with logic: id:-:alertify-ok<br/>
Finding element with logic: id:-:alertify-ok<br/>
Finding element with logic: id:-:alertify-ok<br/>
</div>
</td>
<td><div><pre>java.lang.RuntimeException: element was not loaded:id:-:alertify-ok
	at com.zenwork.library.AppLibrary.waitTillElementClickable(AppLibrary.java:1291)
	at com.zenwork.pageObject.ManageRecipient.sendBulkW9RequestForSelectedRecipient(ManageRecipient.java:187)
	at com.zenwork.smoke.ValidateBulkW9PaymentSelectedRecipient.validateRequestW9SelectedRecpient(ValidateBulkW9PaymentSelectedRecipient.java:78)
	at java.base/java.util.ArrayList.forEach(ArrayList.java:1511)
	at java.base/java.util.concurrent.FutureTask.run(FutureTask.java:264)
	at java.base/java.util.concurrent.ThreadPoolExecutor.runWorker(ThreadPoolExecutor.java:1136)
	at java.base/java.util.concurrent.ThreadPoolExecutor$Worker.run(ThreadPoolExecutor.java:635)
	at java.base/java.lang.Thread.run(Thread.java:833)
... Removed 18 stack frames</pre></div><a href='#' onClick='toggleBox("stack-trace1795557747", this, "Click to show all stack frames", "Click to hide stack frames")'>Click to show all stack frames</a>
<div class='stack-trace' id='stack-trace1795557747'><pre>java.lang.RuntimeException: element was not loaded:id:-:alertify-ok
	at com.zenwork.library.AppLibrary.waitTillElementClickable(AppLibrary.java:1291)
	at com.zenwork.pageObject.ManageRecipient.sendBulkW9RequestForSelectedRecipient(ManageRecipient.java:187)
	at com.zenwork.smoke.ValidateBulkW9PaymentSelectedRecipient.validateRequestW9SelectedRecpient(ValidateBulkW9PaymentSelectedRecipient.java:78)
	at java.base/jdk.internal.reflect.NativeMethodAccessorImpl.invoke0(Native Method)
	at java.base/jdk.internal.reflect.NativeMethodAccessorImpl.invoke(NativeMethodAccessorImpl.java:77)
	at java.base/jdk.internal.reflect.DelegatingMethodAccessorImpl.invoke(DelegatingMethodAccessorImpl.java:43)
	at java.base/java.lang.reflect.Method.invoke(Method.java:568)
	at org.testng.internal.MethodInvocationHelper.invokeMethod(MethodInvocationHelper.java:133)
	at org.testng.internal.TestInvoker.invokeMethod(TestInvoker.java:598)
	at org.testng.internal.TestInvoker.invokeTestMethod(TestInvoker.java:173)
	at org.testng.internal.MethodRunner.runInSequence(MethodRunner.java:46)
	at org.testng.internal.TestInvoker$MethodInvocationAgent.invoke(TestInvoker.java:824)
	at org.testng.internal.TestInvoker.invokeTestMethods(TestInvoker.java:146)
	at org.testng.internal.TestMethodWorker.invokeTestMethods(TestMethodWorker.java:146)
	at org.testng.internal.TestMethodWorker.run(TestMethodWorker.java:128)
	at java.base/java.util.ArrayList.forEach(ArrayList.java:1511)
	at org.testng.TestRunner.privateRun(TestRunner.java:794)
	at org.testng.TestRunner.run(TestRunner.java:596)
	at org.testng.SuiteRunner.runTest(SuiteRunner.java:377)
	at org.testng.SuiteRunner.access$000(SuiteRunner.java:28)
	at org.testng.SuiteRunner$SuiteWorker.run(SuiteRunner.java:418)
	at org.testng.internal.thread.ThreadUtil.lambda$execute$0(ThreadUtil.java:64)
	at java.base/java.util.concurrent.FutureTask.run(FutureTask.java:264)
	at java.base/java.util.concurrent.ThreadPoolExecutor.runWorker(ThreadPoolExecutor.java:1136)
	at java.base/java.util.concurrent.ThreadPoolExecutor$Worker.run(ThreadPoolExecutor.java:635)
	at java.base/java.lang.Thread.run(Thread.java:833)
</pre></div></td>
<td>1568</td>
<td>com.zenwork.smoke.ValidateBulkW9PaymentSelectedRecipient@34b9f960</td></tr>
</table><p>
<table width='100%' border='1' class='invocation-passed'>
<tr><td colspan='4' align='center'><b>PASSED TESTS</b></td></tr>
<tr><td><b>Test method</b></td>
<td width="30%"><b>Exception</b></td>
<td width="10%"><b>Time (seconds)</b></td>
<td><b>Instance</b></td>
</tr>
<tr>
<td title='com.zenwork.smoke.ValidateBulkW9PaymentSelectedRecipient.businessTypeAddPayer()'><b>businessTypeAddPayer</b><br>Test class: com.zenwork.smoke.ValidateBulkW9PaymentSelectedRecipient<br>Parameters: Auto Payer BN, Ridge Top Cir, Sylacauga, Alabama, 35150, United States of America, 90, Yes<br/>
<a href="#Output-1708337348" onClick='toggleBox("Output-1708337348", this, "Show output", "Hide output");'>Show output</a>

<a href="#Output-1708337348" onClick="toggleAllBoxes();">Show all outputs</a>
<div class='log' id="Output-1708337348">
04/28 15:35:38<br/>
Finding element with logic: id:-:txtLoginEmail<br/>
Finding element with logic: id:-:txtLoginPassword<br/>
Finding element with logic: id:-:ui-id-4<br/>
Finding element with logic: xpath:-://p[text()='People']<br/>
Finding element with logic: xpath:-://a[text()='Manage Payer']<br/>
Finding element with logic: id:-:btnAddEditPayer<br/>
Finding element with logic: id:-:btnAddEditPayer<br/>
Finding element with logic: id:-:rblPayerTypeBusiness<br/>
Finding element with logic: id:-:PayerFedaralID<br/>
Finding element with logic: id:-:PayerLastName<br/>
Finding element with logic: id:-:DisregardedEntity<br/>
Finding element with logic: id:-:PayerAddress<br/>
Finding element with logic: id:-:PayerCity<br/>
Finding element with logic: id:-:PayerState<br/>
Finding element with logic: id:-:PayerZIP<br/>
Finding element with logic: id:-:PayerCountry<br/>
Finding element with logic: id:-:PayerPhNo<br/>
Finding element with logic: xpath:-://div[div[@id='PayerDialog']]//div//button[text()='Add']<br/>
Finding element with logic: xpath:-://p[text()='Payer Info Added Successfully']<br/>
Finding element with logic: xpath:-://p[text()='Payer Info Added Successfully']<br/>
</div>
</td>
<td></td>
<td>47</td>
<td>com.zenwork.smoke.ValidateBulkW9PaymentSelectedRecipient@34b9f960</td></tr>
</table><p>
</body>
</html>